<?xml version="1.0" encoding="UTF-8"?>
<!-- Generated by org.testng.reporters.JUnitXMLReporter -->
<testsuite hostname="SFL5817L470" ignored="0" name="Test" tests="13" failures="3" timestamp="2021-04-09T12:54:48 AMT" time="1.261" errors="0">
  <testcase name="checkAllCategories" time="0.868" classname="validationTests.validateJsonTests"/>
  <testcase name="checkCategory" time="0.035" classname="validationTests.validateJsonTests"/>
  <testcase name="checkToppingsIds" time="0.031" classname="validationTests.validateJsonTests"/>
  <testcase name="checkTypesById" time="0.015" classname="validationTests.validateJsonTests">
    <failure type="java.lang.AssertionError" message="
Expected: every item is &amp;quot;Regular&amp;quot;
     but: an item was &amp;lt;[Regular]&amp;gt;">
      <![CDATA[java.lang.AssertionError: 
Expected: every item is "Regular"
     but: an item was <[Regular]>
at org.hamcrest.MatcherAssert.assertThat(MatcherAssert.java:18)
at org.hamcrest.MatcherAssert.assertThat(MatcherAssert.java:6)
at validationTests.validateJsonTests.checkTypesById(validateJsonTests.java:116)
at java.util.ArrayList.forEach(ArrayList.java:1259)
... Removed 30 stack frames]]>
    </failure>
  </testcase> <!-- checkTypesById -->
  <testcase name="collectDoubleValues" time="0.015" classname="validationTests.validateJsonTests"/>
  <testcase name="getAllAuthorsLength" time="0.029" classname="validationTests.validateJsonTests">
    <failure type="java.lang.IllegalArgumentException" message="The parameter &amp;quot;author&amp;quot; was used but not defined. Define parameters using the JsonPath.params(...) function">
      <![CDATA[java.lang.IllegalArgumentException: The parameter "author" was used but not defined. Define parameters using the JsonPath.params(...) function
at org.codehaus.groovy.runtime.callsite.ConstructorSite$ConstructorSiteNoUnwrapNoCoerce.callConstructor(ConstructorSite.java:105)
at org.codehaus.groovy.runtime.callsite.CallSiteArray.defaultCallConstructor(CallSiteArray.java:59)
at org.codehaus.groovy.runtime.callsite.AbstractCallSite.callConstructor(AbstractCallSite.java:237)
at org.codehaus.groovy.runtime.callsite.AbstractCallSite.callConstructor(AbstractCallSite.java:257)
at io.restassured.internal.path.json.JSONAssertion.getAsJsonObject(JSONAssertion.groovy:50)
at io.restassured.internal.path.json.JSONAssertion$getAsJsonObject.callCurrent(Unknown Source)
at io.restassured.internal.path.json.JSONAssertion.getResult(JSONAssertion.groovy:28)
at io.restassured.path.json.JsonPath.get(JsonPath.java:203)
at io.restassured.path.json.JsonPath.getInt(JsonPath.java:237)
at validationTests.validateJsonTests.getAllAuthorsLength(validateJsonTests.java:75)
at java.util.ArrayList.forEach(ArrayList.java:1259)
Caused by: groovy.lang.MissingPropertyException: No such property: author for class: java.lang.String
at org.codehaus.groovy.runtime.ScriptBytecodeAdapter.unwrap(ScriptBytecodeAdapter.java:65)
at org.codehaus.groovy.runtime.callsite.GetEffectivePojoPropertySite.getProperty(GetEffectivePojoPropertySite.java:65)
at org.codehaus.groovy.runtime.callsite.AbstractCallSite.callGetProperty(AbstractCallSite.java:298)
at Script1$_run_closure1.doCall(Script1.groovy:1)
at groovy.lang.MetaMethod.doMethodInvoke(MetaMethod.java:323)
at org.codehaus.groovy.runtime.metaclass.ClosureMetaClass.invokeMethod(ClosureMetaClass.java:263)
at groovy.lang.MetaClassImpl.invokeMethod(MetaClassImpl.java:1041)
at groovy.lang.Closure.call(Closure.java:405)
at groovy.lang.Closure.call(Closure.java:421)
at org.codehaus.groovy.runtime.DefaultGroovyMethods.collect(DefaultGroovyMethods.java:3574)
at org.codehaus.groovy.runtime.DefaultGroovyMethods.collect(DefaultGroovyMethods.java:3559)
at org.codehaus.groovy.runtime.DefaultGroovyMethods.collect(DefaultGroovyMethods.java:3659)
at org.codehaus.groovy.runtime.dgm$87.invoke(Unknown Source)
at org.codehaus.groovy.runtime.callsite.PojoMetaMethodSite$PojoMetaMethodSiteNoUnwrapNoCoerce.invoke(PojoMetaMethodSite.java:244)
at org.codehaus.groovy.runtime.callsite.PojoMetaMethodSite.call(PojoMetaMethodSite.java:53)
at org.codehaus.groovy.runtime.callsite.CallSiteArray.defaultCall(CallSiteArray.java:47)
at org.codehaus.groovy.runtime.callsite.AbstractCallSite.call(AbstractCallSite.java:115)
at org.codehaus.groovy.runtime.callsite.AbstractCallSite.call(AbstractCallSite.java:127)
at Script1.run(Script1.groovy:1)
at groovy.lang.GroovyShell.evaluate(GroovyShell.java:443)
at groovy.lang.GroovyShell.evaluate(GroovyShell.java:481)
at groovy.lang.GroovyShell.evaluate(GroovyShell.java:452)
at org.codehaus.groovy.runtime.callsite.PlainObjectMetaMethodSite.doInvoke(PlainObjectMetaMethodSite.java:43)
at org.codehaus.groovy.runtime.callsite.PogoMetaMethodSite$PogoCachedMethodSiteNoUnwrap.invoke(PogoMetaMethodSite.java:179)
at org.codehaus.groovy.runtime.callsite.PogoMetaMethodSite.call(PogoMetaMethodSite.java:70)
at org.codehaus.groovy.runtime.callsite.AbstractCallSite.call(AbstractCallSite.java:127)
at io.restassured.internal.path.json.JSONAssertion.eval(JSONAssertion.groovy:80)
at org.codehaus.groovy.runtime.callsite.PlainObjectMetaMethodSite.doInvoke(PlainObjectMetaMethodSite.java:43)
at org.codehaus.groovy.runtime.callsite.PogoMetaMethodSite$PogoCachedMethodSiteNoUnwrapNoCoerce.invoke(PogoMetaMethodSite.java:190)
at org.codehaus.groovy.runtime.callsite.PogoMetaMethodSite.callCurrent(PogoMetaMethodSite.java:58)
at org.codehaus.groovy.runtime.callsite.AbstractCallSite.callCurrent(AbstractCallSite.java:184)
at io.restassured.internal.path.json.JSONAssertion.getAsJsonObject(JSONAssertion.groovy:46)
... 36 more
... Removed 48 stack frames]]>
    </failure>
  </testcase> <!-- getAllAuthorsLength -->
  <testcase name="getBookNames" time="0.014" classname="validationTests.validateJsonTests"/>
  <testcase name="getElementsByNameAndProperty" time="0.013" classname="validationTests.validateJsonTests"/>
  <testcase name="getElementsByNameAndProperty2" time="0.025" classname="validationTests.validateJsonTests">
    <failure type="java.lang.IllegalArgumentException" message="Invalid JSON expression:
Script1.groovy: 1: expecting EOF, found &amp;apos;[&amp;apos; @ line 1, column 37.
                            $.elements[?(@.type == &amp;apos;TEXT&amp;apos; &amp;amp;&amp;amp; @.properties[0].producesVideo == false)].name
                                       ^

1 error
">
      <![CDATA[java.lang.IllegalArgumentException: Invalid JSON expression:
Script1.groovy: 1: expecting EOF, found '[' @ line 1, column 37.
                            $.elements[?(@.type == 'TEXT' && @.properties[0].producesVideo == false)].name
                                       ^

1 error

at org.codehaus.groovy.runtime.callsite.ConstructorSite$ConstructorSiteNoUnwrapNoCoerce.callConstructor(ConstructorSite.java:105)
at org.codehaus.groovy.runtime.callsite.CallSiteArray.defaultCallConstructor(CallSiteArray.java:59)
at org.codehaus.groovy.runtime.callsite.AbstractCallSite.callConstructor(AbstractCallSite.java:237)
at org.codehaus.groovy.runtime.callsite.AbstractCallSite.callConstructor(AbstractCallSite.java:257)
at io.restassured.internal.path.json.JSONAssertion.getAsJsonObject(JSONAssertion.groovy:57)
at io.restassured.internal.path.json.JSONAssertion$getAsJsonObject.callCurrent(Unknown Source)
at io.restassured.internal.path.json.JSONAssertion.getResult(JSONAssertion.groovy:28)
at io.restassured.path.json.JsonPath.get(JsonPath.java:203)
at io.restassured.path.json.JsonPath.getString(JsonPath.java:352)
at validationTests.validateJsonTests.getElementsByNameAndProperty2(validateJsonTests.java:161)
at java.util.ArrayList.forEach(ArrayList.java:1259)
Caused by: org.codehaus.groovy.control.MultipleCompilationErrorsException: startup failed:
Script1.groovy: 1: expecting EOF, found '[' @ line 1, column 37.
   restAssuredJsonRootObject.$.elements[?(@.type == 'TEXT' && @.properties[0].producesVideo == false)].name
                                       ^

1 error

at org.codehaus.groovy.control.ErrorCollector.failIfErrors(ErrorCollector.java:311)
at org.codehaus.groovy.control.ErrorCollector.addFatalError(ErrorCollector.java:151)
at org.codehaus.groovy.control.ErrorCollector.addError(ErrorCollector.java:121)
at org.codehaus.groovy.control.ErrorCollector.addError(ErrorCollector.java:133)
at org.codehaus.groovy.control.SourceUnit.addError(SourceUnit.java:325)
at org.codehaus.groovy.antlr.AntlrParserPlugin.transformCSTIntoAST(AntlrParserPlugin.java:224)
at org.codehaus.groovy.antlr.AntlrParserPlugin.parseCST(AntlrParserPlugin.java:190)
at org.codehaus.groovy.control.SourceUnit.parse(SourceUnit.java:226)
at org.codehaus.groovy.control.CompilationUnit$1.call(CompilationUnit.java:196)
at org.codehaus.groovy.control.CompilationUnit.applyToSourceUnits(CompilationUnit.java:954)
at org.codehaus.groovy.control.CompilationUnit.doPhaseOperation(CompilationUnit.java:636)
at org.codehaus.groovy.control.CompilationUnit.processPhaseOperations(CompilationUnit.java:612)
at org.codehaus.groovy.control.CompilationUnit.compile(CompilationUnit.java:589)
at groovy.lang.GroovyClassLoader.doParseClass(GroovyClassLoader.java:401)
at groovy.lang.GroovyClassLoader.access$300(GroovyClassLoader.java:89)
at groovy.lang.GroovyClassLoader$5.provide(GroovyClassLoader.java:341)
at groovy.lang.GroovyClassLoader$5.provide(GroovyClassLoader.java:338)
at org.codehaus.groovy.runtime.memoize.ConcurrentCommonCache.getAndPut(ConcurrentCommonCache.java:147)
at groovy.lang.GroovyClassLoader.parseClass(GroovyClassLoader.java:336)
at groovy.lang.GroovyShell.parseClass(GroovyShell.java:546)
at groovy.lang.GroovyShell.parse(GroovyShell.java:558)
at groovy.lang.GroovyShell.evaluate(GroovyShell.java:442)
at groovy.lang.GroovyShell.evaluate(GroovyShell.java:481)
at groovy.lang.GroovyShell.evaluate(GroovyShell.java:452)
at org.codehaus.groovy.runtime.callsite.PlainObjectMetaMethodSite.doInvoke(PlainObjectMetaMethodSite.java:43)
at org.codehaus.groovy.runtime.callsite.PogoMetaMethodSite$PogoCachedMethodSiteNoUnwrap.invoke(PogoMetaMethodSite.java:179)
at org.codehaus.groovy.runtime.callsite.PogoMetaMethodSite.call(PogoMetaMethodSite.java:70)
at org.codehaus.groovy.runtime.callsite.AbstractCallSite.call(AbstractCallSite.java:127)
at io.restassured.internal.path.json.JSONAssertion.eval(JSONAssertion.groovy:80)
at org.codehaus.groovy.runtime.callsite.PlainObjectMetaMethodSite.doInvoke(PlainObjectMetaMethodSite.java:43)
at org.codehaus.groovy.runtime.callsite.PogoMetaMethodSite$PogoCachedMethodSiteNoUnwrapNoCoerce.invoke(PogoMetaMethodSite.java:190)
at org.codehaus.groovy.runtime.callsite.PogoMetaMethodSite.callCurrent(PogoMetaMethodSite.java:58)
at org.codehaus.groovy.runtime.callsite.AbstractCallSite.callCurrent(AbstractCallSite.java:184)
at io.restassured.internal.path.json.JSONAssertion.getAsJsonObject(JSONAssertion.groovy:46)
... 36 more
... Removed 43 stack frames]]>
    </failure>
  </testcase> <!-- getElementsByNameAndProperty2 -->
  <testcase name="getIdsByBatterType" time="0.027" classname="validationTests.validateJsonTests"/>
  <testcase name="getIdsByBatterType1" time="0.011" classname="validationTests.validateJsonTests"/>
  <testcase name="getMaxPrice" time="0.002" classname="validationTests.validateJsonTests"/>
  <testcase name="getPriceSum" time="0.011" classname="validationTests.validateJsonTests"/>
</testsuite> <!-- Test -->
